<?xml version="1.0" encoding="UTF-8"?>
<testsuite xmlns:xsi="http://www.w3.org/2001/XMLSchema-instance" xsi:noNamespaceSchemaLocation="https://maven.apache.org/surefire/maven-surefire-plugin/xsd/surefire-test-report.xsd" name="minatest.AppTest" time="0.115" tests="1" errors="0" skipped="0" failures="0">
  <properties>
    <property name="user.variant" value=""/>
    <property name="java.vm.info" value="mixed mode"/>
    <property name="file.encoding.pkg" value="sun.io"/>
    <property name="file.encoding" value="GBK"/>
    <property name="java.specification.name" value="Java Platform API Specification"/>
    <property name="sun.os.patch.level" value=""/>
    <property name="user.dir" value="D:\workspace2018\minaTest\minatest"/>
    <property name="line.separator" value="&#10;"/>
    <property name="java.home" value="D:\Program Files\Java7\jdk1.7.0_40\jre"/>
    <property name="user.name" value="lll"/>
    <property name="sun.boot.library.path" value="D:\Program Files\Java7\jdk1.7.0_40\jre\bin"/>
    <property name="user.home" value="C:\Users\lll"/>
    <property name="localRepository" value="F:\JAVA\mvnRepositor"/>
    <property name="sun.java.launcher" value="SUN_STANDARD"/>
    <property name="java.class.version" value="51.0"/>
    <property name="user.language" value="zh"/>
    <property name="java.vendor.url.bug" value="http://bugreport.sun.com/bugreport/"/>
    <property name="sun.jnu.encoding" value="GBK"/>
    <property name="java.io.tmpdir" value="C:\Users\lll\AppData\Local\Temp\"/>
    <property name="java.specification.vendor" value="Oracle Corporation"/>
    <property name="file.separator" value="\"/>
    <property name="java.class.path" value="D:\workspace2018\minaTest\minatest\target\test-classes;D:\workspace2018\minaTest\minatest\target\classes;F:\JAVA\mvnRepositor\junit\junit\4.11\junit-4.11.jar;F:\JAVA\mvnRepositor\org\hamcrest\hamcrest-core\1.3\hamcrest-core-1.3.jar;F:\JAVA\mvnRepositor\org\apache\mina\mina-core\2.0.17\mina-core-2.0.17.jar;F:\JAVA\mvnRepositor\org\slf4j\slf4j-api\1.7.25\slf4j-api-1.7.25.jar;F:\JAVA\mvnRepositor\org\apache\mina\mina-integration-spring\1.1.7\mina-integration-spring-1.1.7.jar;F:\JAVA\mvnRepositor\org\apache\mina\mina-filter-ssl\1.1.7\mina-filter-ssl-1.1.7.jar;F:\JAVA\mvnRepositor\org\springframework\spring-beans\2.0.6\spring-beans-2.0.6.jar;F:\JAVA\mvnRepositor\commons-logging\commons-logging\1.1\commons-logging-1.1.jar;F:\JAVA\mvnRepositor\log4j\log4j\1.2.12\log4j-1.2.12.jar;F:\JAVA\mvnRepositor\logkit\logkit\1.0.1\logkit-1.0.1.jar;F:\JAVA\mvnRepositor\avalon-framework\avalon-framework\4.1.3\avalon-framework-4.1.3.jar;F:\JAVA\mvnRepositor\javax\servlet\servlet-api\2.3\servlet-api-2.3.jar;F:\JAVA\mvnRepositor\org\springframework\spring-core\2.0.6\spring-core-2.0.6.jar;F:\JAVA\mvnRepositor\org\apache\commons\commons-lang3\3.7\commons-lang3-3.7.jar;F:\JAVA\mvnRepositor\org\mybatis\mybatis\3.4.5\mybatis-3.4.5.jar;F:\JAVA\mvnRepositor\com\ibm\db2\jcc\db2jcc4\10.1\db2jcc4-10.1.jar;"/>
    <property name="java.vm.vendor" value="Oracle Corporation"/>
    <property name="sun.cpu.endian" value="little"/>
    <property name="java.vm.specification.vendor" value="Oracle Corporation"/>
    <property name="java.specification.version" value="1.7"/>
    <property name="user.script" value=""/>
    <property name="awt.toolkit" value="sun.awt.windows.WToolkit"/>
    <property name="sun.java.command" value="C:\Users\lll\AppData\Local\Temp\surefire2565943031768758858\surefirebooter4798954076267630618.jar C:\Users\lll\AppData\Local\Temp\surefire2565943031768758858 2018-05-19T15-45-14_196-jvmRun1 surefire6000684989401833682tmp surefire_07454232551607678737tmp"/>
    <property name="user.timezone" value=""/>
    <property name="surefire.test.class.path" value="D:\workspace2018\minaTest\minatest\target\test-classes;D:\workspace2018\minaTest\minatest\target\classes;F:\JAVA\mvnRepositor\junit\junit\4.11\junit-4.11.jar;F:\JAVA\mvnRepositor\org\hamcrest\hamcrest-core\1.3\hamcrest-core-1.3.jar;F:\JAVA\mvnRepositor\org\apache\mina\mina-core\2.0.17\mina-core-2.0.17.jar;F:\JAVA\mvnRepositor\org\slf4j\slf4j-api\1.7.25\slf4j-api-1.7.25.jar;F:\JAVA\mvnRepositor\org\apache\mina\mina-integration-spring\1.1.7\mina-integration-spring-1.1.7.jar;F:\JAVA\mvnRepositor\org\apache\mina\mina-filter-ssl\1.1.7\mina-filter-ssl-1.1.7.jar;F:\JAVA\mvnRepositor\org\springframework\spring-beans\2.0.6\spring-beans-2.0.6.jar;F:\JAVA\mvnRepositor\commons-logging\commons-logging\1.1\commons-logging-1.1.jar;F:\JAVA\mvnRepositor\log4j\log4j\1.2.12\log4j-1.2.12.jar;F:\JAVA\mvnRepositor\logkit\logkit\1.0.1\logkit-1.0.1.jar;F:\JAVA\mvnRepositor\avalon-framework\avalon-framework\4.1.3\avalon-framework-4.1.3.jar;F:\JAVA\mvnRepositor\javax\servlet\servlet-api\2.3\servlet-api-2.3.jar;F:\JAVA\mvnRepositor\org\springframework\spring-core\2.0.6\spring-core-2.0.6.jar;F:\JAVA\mvnRepositor\org\apache\commons\commons-lang3\3.7\commons-lang3-3.7.jar;F:\JAVA\mvnRepositor\org\mybatis\mybatis\3.4.5\mybatis-3.4.5.jar;F:\JAVA\mvnRepositor\com\ibm\db2\jcc\db2jcc4\10.1\db2jcc4-10.1.jar;"/>
    <property name="java.runtime.version" value="1.7.0_40-b43"/>
    <property name="java.vendor" value="Oracle Corporation"/>
    <property name="sun.management.compiler" value="HotSpot 64-Bit Tiered Compilers"/>
    <property name="sun.arch.data.model" value="64"/>
    <property name="os.arch" value="amd64"/>
    <property name="sun.io.unicode.encoding" value="UnicodeLittle"/>
    <property name="java.awt.printerjob" value="sun.awt.windows.WPrinterJob"/>
    <property name="path.separator" value=";"/>
    <property name="java.runtime.name" value="Java(TM) SE Runtime Environment"/>
    <property name="java.vendor.url" value="http://java.oracle.com/"/>
    <property name="sun.boot.class.path" value="D:\Program Files\Java7\jdk1.7.0_40\jre\lib\resources.jar;D:\Program Files\Java7\jdk1.7.0_40\jre\lib\rt.jar;D:\Program Files\Java7\jdk1.7.0_40\jre\lib\sunrsasign.jar;D:\Program Files\Java7\jdk1.7.0_40\jre\lib\jsse.jar;D:\Program Files\Java7\jdk1.7.0_40\jre\lib\jce.jar;D:\Program Files\Java7\jdk1.7.0_40\jre\lib\charsets.jar;D:\Program Files\Java7\jdk1.7.0_40\jre\lib\jfr.jar;D:\Program Files\Java7\jdk1.7.0_40\jre\classes"/>
    <property name="surefire.real.class.path" value="C:\Users\lll\AppData\Local\Temp\surefire2565943031768758858\surefirebooter4798954076267630618.jar"/>
    <property name="java.endorsed.dirs" value="D:\Program Files\Java7\jdk1.7.0_40\jre\lib\endorsed"/>
    <property name="sun.desktop" value="windows"/>
    <property name="java.vm.version" value="24.0-b56"/>
    <property name="os.name" value="Windows 8"/>
    <property name="java.vm.specification.version" value="1.7"/>
    <property name="sun.cpu.isalist" value="amd64"/>
    <property name="java.version" value="1.7.0_40"/>
    <property name="java.vm.specification.name" value="Java Virtual Machine Specification"/>
    <property name="java.ext.dirs" value="D:\Program Files\Java7\jdk1.7.0_40\jre\lib\ext;C:\Windows\Sun\Java\lib\ext"/>
    <property name="os.version" value="6.2"/>
    <property name="basedir" value="D:\workspace2018\minaTest\minatest"/>
    <property name="java.library.path" value="D:\Program Files\Java7\jdk1.7.0_40\jre\bin;C:\Windows\Sun\Java\bin;C:\Windows\system32;C:\Windows;D:/myeclipse8.5/common/binary/com.sun.java.jdk.win32.x86_1.6.0.013/jre/bin/client;D:/myeclipse8.5/common/binary/com.sun.java.jdk.win32.x86_1.6.0.013/jre/bin;.;C:\Program Files (x86)\NVIDIA Corporation\PhysX\Common;F:\app\lll\product\11.1.0\client_1\bin;F:\product\11.1.0\client_1\bin;.;D:\Program Files\Java7\jdk1.7.0_40\bin;F:\qt\qt5\5.4\mingw491_32\bin;C:\Program Files (x86)\Common Files\NetSarang;C:\Program Files (x86)\Intel\iCLS Client\;C:\Program Files\Intel\iCLS Client\;C:\Windows\system32;C:\Windows;C:\Windows\System32\Wbem;C:\Windows\System32\WindowsPowerShell\v1.0\;C:\Program Files\Intel\Intel(R) Management Engine Components\DAL;C:\Program Files\Intel\Intel(R) Management Engine Components\IPT;C:\Program Files (x86)\Intel\Intel(R) Management Engine Components\DAL;C:\Program Files (x86)\Intel\Intel(R) Management Engine Components\IPT;C:\Program Files (x86)\Intel\OpenCL SDK\2.0\bin\x86;C:\Program Files (x86)\Intel\OpenCL SDK\2.0\bin\x64;C:\Program Files (x86)\sbt\;D:\IBM\SQLLIB\BIN;D:\IBM\SQLLIB\FUNCTION;D:\IBM\SQLLIB\SAMPLES\REPL;C:\Program Files\TortoiseSVN\bin;D:\Program Files (x86)\Microsoft SQL Server\110\Tools\Binn\;D:\Program Files (x86)\Microsoft SQL Server\110\DTS\Binn\;D:\Program Files (x86)\Microsoft SQL Server\110\Tools\Binn\ManagementStudio\;C:\Program Files (x86)\Microsoft Visual Studio 10.0\Common7\IDE\PrivateAssemblies\;D:\Program Files\Microsoft SQL Server\110\Tools\Binn\;C:\Program Files (x86)\Windows Kits\8.0\Windows Performance Toolkit\;C:\PROGRA~1\IBM\IBMDAT~1\BINï¼›D:\Program Files (x86)\Python33;E:\javaresource\apache-cxf-2.7.18\bin;C:\Program Files (x86)\Windows Kits\8.1\Windows Performance Toolkit\;D:\Program Files\Microsoft SQL Server\120\Tools\Binn\;E:\javaresource\apache-maven-3.2.5\bin;E:\javaresource\apache-ant-1.9.9-bin\bin;C:\Program Files (x86)\SSH Communications Security\SSH Secure Shell;C:\Users\lll\AppData\Local\GitHubDesktop\bin;."/>
    <property name="java.awt.graphicsenv" value="sun.awt.Win32GraphicsEnvironment"/>
    <property name="java.vm.name" value="Java HotSpot(TM) 64-Bit Server VM"/>
    <property name="user.country" value="CN"/>
  </properties>
  <testcase name="shouldAnswerWithTrue" classname="minatest.AppTest" time="0.009"/>
</testsuite>